<?xml version="1.0" encoding="UTF-8"?>
<!-- Generated by org.testng.reporters.JUnitXMLReporter -->
<testsuite ignored="1" hostname="LAPTOP-3LVHLGRV" failures="0" tests="2" name="Default test" time="0.053" errors="0" timestamp="26 Oct 2023 13:16:23 GMT">
  <testcase classname="tstng.Priority2" name="M6" time="0.017"/>
  <testcase classname="tstng.Priority2" name="M7" time="0.001"/>
  <testcase classname="tstng.Priority2" name="M5" time="0.0">
    <ignored/>
  </testcase> <!-- M5 -->
</testsuite> <!-- Default test -->
