<?xml version="1.0" encoding="UTF-8"?>
<!-- Generated by org.testng.reporters.JUnitXMLReporter -->
<testsuite ignored="0" hostname="LAPTOP-3LVHLGRV" failures="1" tests="2" name="Test" time="0.075" errors="0" timestamp="26 Oct 2023 12:53:56 GMT">
  <testcase classname="Failedtestcases.Testcase1" name="failedtestcase1" time="0.021"/>
  <testcase classname="Failedtestcases.Testcase2" name="failedtestcase1" time="0.006">
    <failure type="java.lang.AssertionError" message="expected [true] but found [false]">
      <![CDATA[java.lang.AssertionError: expected [true] but found [false]
at Failedtestcases.Testcase2.failedtestcase1(Testcase2.java:10)
... Removed 29 stack frames]]>
    </failure>
  </testcase> <!-- failedtestcase1 -->
</testsuite> <!-- Test -->
