<?xml version="1.0" encoding="UTF-8"?>
<!-- Generated by org.testng.reporters.JUnitXMLReporter -->
<testsuite ignored="1" hostname="LAPTOP-3LVHLGRV" failures="0" tests="6" name="Test" time="0.095" errors="0" timestamp="26 Oct 2023 10:15:15 GMT">
  <testcase classname="tstng.Groups" name="M9" time="0.018"/>
  <testcase classname="tstng.Groups" name="M2" time="0.001"/>
  <testcase classname="tstng.Priority" name="M6" time="0.002"/>
  <testcase classname="tstng.Groups" name="M1" time="0.002"/>
  <testcase classname="tstng.Priority" name="M5" time="0.003"/>
  <testcase classname="tstng.Priority" name="M7" time="0.002"/>
  <testcase classname="tstng.Groups" name="M12" time="0.0">
    <ignored/>
  </testcase> <!-- M12 -->
</testsuite> <!-- Test -->
