<?xml version="1.0" encoding="UTF-8"?>
<testng-results ignored="1" total="3" passed="2" failed="0" skipped="0">
  <reporter-output>
  </reporter-output>
  <suite started-at="2023-10-26T13:16:23Z" name="Default suite" finished-at="2023-10-26T13:16:23Z" duration-ms="53">
    <groups>
    </groups>
    <test started-at="2023-10-26T13:16:23Z" name="Default test" finished-at="2023-10-26T13:16:23Z" duration-ms="53">
      <class name="tstng.Priority2">
        <test-method signature="M6()[pri:0, instance:tstng.Priority2@130e116b]" started-at="2023-10-26T13:16:23Z" name="M6" finished-at="2023-10-26T13:16:23Z" duration-ms="17" status="PASS">
          <reporter-output>
          </reporter-output>
        </test-method> <!-- M6 -->
        <test-method signature="M7()[pri:3, instance:tstng.Priority2@130e116b]" started-at="2023-10-26T13:16:23Z" name="M7" finished-at="2023-10-26T13:16:23Z" duration-ms="1" status="PASS">
          <reporter-output>
          </reporter-output>
        </test-method> <!-- M7 -->
      </class> <!-- tstng.Priority2 -->
    </test> <!-- Default test -->
  </suite> <!-- Default suite -->
</testng-results>
